time="2020-10-10T11:56:55.434866+07:00" level=error msg="pq: null value in column \"token_notify\" violates not-null constraint" file=/Users/pro/footcer-backend/repository/repo_impl/user_repo_impl.go line=143
time="2020-10-10T11:57:23.840492+07:00" level=error msg="pq: null value in column \"token_notify\" violates not-null constraint" file=/Users/pro/footcer-backend/repository/repo_impl/user_repo_impl.go line=143
time="2020-10-10T12:01:31.425082+07:00" level=error msg="pq: column \"start_time\" of relation \"stadium\" does not exist" file=/Users/pro/footcer-backend/repository/repo_impl/user_repo_impl.go line=177
time="2020-10-10T12:09:36.901833+07:00" level=error msg="pq: duplicate key value violates unique constraint \"users_phone_key\"" file=/Users/pro/footcer-backend/repository/repo_impl/user_repo_impl.go line=144
time="2020-10-10T12:21:11.819796+07:00" level=error msg="pq: null value in column \"start_time\" violates not-null constraint" file=/Users/pro/footcer-backend/repository/repo_impl/stadium_repo_impl.go line=279
time="2020-10-10T12:21:31.540622+07:00" level=error msg="pq: null value in column \"start_time\" violates not-null constraint" file=/Users/pro/footcer-backend/repository/repo_impl/stadium_repo_impl.go line=279
time="2020-10-10T12:22:27.541248+07:00" level=error msg="pq: null value in column \"start_time\" violates not-null constraint" file=/Users/pro/footcer-backend/repository/repo_impl/stadium_repo_impl.go line=279
time="2020-10-10T12:22:27.869662+07:00" level=error msg="pq: null value in column \"start_time\" violates not-null constraint" file=/Users/pro/footcer-backend/repository/repo_impl/stadium_repo_impl.go line=279
time="2020-10-10T12:23:24.655271+07:00" level=error msg="pq: null value in column \"start_time\" violates not-null constraint" file=/Users/pro/footcer-backend/repository/repo_impl/stadium_repo_impl.go line=279
time="2020-10-10T13:06:32.553412+07:00" level=error msg="pq: duplicate key value violates unique constraint \"users_phone_key\"" file=/Users/pro/footcer-backend/repository/repo_impl/user_repo_impl.go line=144
time="2020-10-10T13:08:32.228277+07:00" level=error msg="pq: duplicate key value violates unique constraint \"users_phone_key\"" file=/Users/pro/footcer-backend/repository/repo_impl/user_repo_impl.go line=144
time="2020-10-10T13:10:19.03287+07:00" level=error msg="pq: insert or update on table \"stadium_collage\" violates foreign key constraint \"stadium_collage_stadium_id_fkey\"" file=/Users/pro/footcer-backend/repository/repo_impl/stadium_repo_impl.go line=277
time="2020-10-10T13:10:19.033536+07:00" level=error msg="Có lỗi xảy ra" file=/Users/pro/footcer-backend/repository/repo_impl/user_repo_impl.go line=206
time="2020-10-10T13:10:56.638076+07:00" level=error msg="pq: duplicate key value violates unique constraint \"users_phone_key\"" file=/Users/pro/footcer-backend/repository/repo_impl/user_repo_impl.go line=144
time="2020-10-10T13:13:18.618685+07:00" level=error msg="pq: duplicate key value violates unique constraint \"users_phone_key\"" file=/Users/pro/footcer-backend/repository/repo_impl/user_repo_impl.go line=144
time="2020-10-10T13:13:42.981833+07:00" level=error msg="pq: insert or update on table \"stadium_collage\" violates foreign key constraint \"stadium_collage_stadium_id_fkey\"" file=/Users/pro/footcer-backend/repository/repo_impl/stadium_repo_impl.go line=277
time="2020-10-10T13:13:42.982309+07:00" level=error msg="Có lỗi xảy ra" file=/Users/pro/footcer-backend/repository/repo_impl/user_repo_impl.go line=207
time="2020-10-10T13:15:51.965049+07:00" level=error msg="pq: insert or update on table \"stadium\" violates foreign key constraint \"stadium_user_id_fkey\"" file=/Users/pro/footcer-backend/repository/repo_impl/user_repo_impl.go line=179
time="2020-10-10T13:16:29.844169+07:00" level=error msg="pq: insert or update on table \"stadium_collage\" violates foreign key constraint \"stadium_collage_stadium_id_fkey\"" file=/Users/pro/footcer-backend/repository/repo_impl/stadium_repo_impl.go line=277
time="2020-10-10T13:16:29.84451+07:00" level=error msg="Có lỗi xảy ra" file=/Users/pro/footcer-backend/repository/repo_impl/user_repo_impl.go line=207
time="2020-10-10T13:16:29.845217+07:00" level=error msg="pq: update or delete on table \"users\" violates foreign key constraint \"stadium_user_id_fkey\" on table \"stadium\"" file=/Users/pro/footcer-backend/repository/repo_impl/user_repo_impl.go line=212
time="2020-10-10T13:19:14.702781+07:00" level=error msg="could not find name amount_people in model.StadiumCollage{StadiumCollageId:\"44810cab-387a-43f2-bc4a-26b35b6790fe\", NameStadiumCollage:\"Sân số 1\", AmountPeople:\"5\", StartTime:\"5:30\", EndTime:\"22:30\", PlayTime:\"60\", StadiumId:\"850ad0a6-0ac0-11eb-b929-a45e60e63d73\", CreatedAt:time.Time{wall:0xbfd87278a9e04e70, ext:15788318109, loc:(*time.Location)(0x20090a0)}, UpdatedAt:time.Time{wall:0xbfd87278a9e05e10, ext:15788322682, loc:(*time.Location)(0x20090a0)}}" file=/Users/pro/footcer-backend/repository/repo_impl/stadium_repo_impl.go line=277
time="2020-10-10T13:19:14.703265+07:00" level=error msg="Có lỗi xảy ra" file=/Users/pro/footcer-backend/repository/repo_impl/user_repo_impl.go line=207
time="2020-10-10T13:19:14.704533+07:00" level=error msg="pq: update or delete on table \"users\" violates foreign key constraint \"stadium_user_id_fkey\" on table \"stadium\"" file=/Users/pro/footcer-backend/repository/repo_impl/user_repo_impl.go line=212
time="2020-10-10T13:20:19.953049+07:00" level=error msg="could not find name amount_people in model.StadiumCollage{StadiumCollageId:\"aa0ac92d-f3a6-4872-9f39-eba1d2430a1d\", NameStadiumCollage:\"Sân số 1\", AmountPeople:\"5\", StartTime:\"5:30\", EndTime:\"22:30\", PlayTime:\"60\", StadiumId:\"abef3dd8-0ac0-11eb-995a-a45e60e63d73\", CreatedAt:time.Time{wall:0xbfd87288f8cc7760, ext:4464516818, loc:(*time.Location)(0x20090a0)}, UpdatedAt:time.Time{wall:0xbfd87288f8cc8ae8, ext:4464521070, loc:(*time.Location)(0x20090a0)}}" file=/Users/pro/footcer-backend/repository/repo_impl/stadium_repo_impl.go line=277
time="2020-10-10T13:20:19.953444+07:00" level=error msg="Có lỗi xảy ra" file=/Users/pro/footcer-backend/repository/repo_impl/user_repo_impl.go line=207
time="2020-10-10T13:20:19.954585+07:00" level=error msg="pq: update or delete on table \"users\" violates foreign key constraint \"stadium_user_id_fkey\" on table \"stadium\"" file=/Users/pro/footcer-backend/repository/repo_impl/user_repo_impl.go line=212
time="2020-10-10T13:21:42.634202+07:00" level=error msg="could not find name amount_people in model.StadiumCollage{StadiumCollageId:\"dc746612-0f8e-44f4-9a57-c1f089d7148c\", NameStadiumCollage:\"Sân số 1\", AmountPeople:\"5\", StartTime:\"5:30\", EndTime:\"22:30\", PlayTime:\"60\", StadiumId:\"dd3753a8-0ac0-11eb-b12b-a45e60e63d73\", CreatedAt:time.Time{wall:0xbfd8729da5cbaca8, ext:9581898699, loc:(*time.Location)(0x20090a0)}, UpdatedAt:time.Time{wall:0xbfd8729da5cbc030, ext:9581903350, loc:(*time.Location)(0x20090a0)}}" file=/Users/pro/footcer-backend/repository/repo_impl/stadium_repo_impl.go line=277
time="2020-10-10T13:21:42.634508+07:00" level=error msg="Có lỗi xảy ra" file=/Users/pro/footcer-backend/repository/repo_impl/user_repo_impl.go line=207
time="2020-10-10T13:21:42.63537+07:00" level=error msg="pq: update or delete on table \"users\" violates foreign key constraint \"stadium_user_id_fkey\" on table \"stadium\"" file=/Users/pro/footcer-backend/repository/repo_impl/user_repo_impl.go line=212
time="2020-10-10T13:24:29.879553+07:00" level=error msg="could not find name amount_people in model.StadiumCollage{StadiumCollageId:\"1ac58fb4-b340-4ddb-b4eb-ac835d8e5df7\", NameStadiumCollage:\"Sân số 1\", AmountPeople:\"5\", StartTime:\"5:30\", EndTime:\"22:30\", PlayTime:\"60\", StadiumId:\"40e6fe3a-0ac1-11eb-b57e-a45e60e63d73\", CreatedAt:time.Time{wall:0xbfd872c7746abb50, ext:5949619204, loc:(*time.Location)(0x20090a0)}, UpdatedAt:time.Time{wall:0xbfd872c7746aced8, ext:5949624515, loc:(*time.Location)(0x20090a0)}}" file=/Users/pro/footcer-backend/repository/repo_impl/stadium_repo_impl.go line=277
time="2020-10-10T13:24:29.880049+07:00" level=error msg="Có lỗi xảy ra" file=/Users/pro/footcer-backend/repository/repo_impl/user_repo_impl.go line=207
time="2020-10-10T13:25:04.393133+07:00" level=error msg="could not find name start_time_detail in model.StadiumDetails{StadiumDetailsId:\"557998ee-0ac1-11eb-bc62-a45e60e63d73\", StadiumCollageId:\"867f1950-4295-42e1-9451-1df95162c3fd\", StartTimeDetails:\"\", EndTimeDetails:\"\", Price:0, Description:\"\", HasOrder:false, CreatedAt:time.Time{wall:0xbfd872d0176d3cf8, ext:2926533074, loc:(*time.Location)(0x20090a0)}, UpdatedAt:time.Time{wall:0xbfd872d0176d40e0, ext:2926533154, loc:(*time.Location)(0x20090a0)}}" file=/Users/pro/footcer-backend/repository/repo_impl/stadium_repo_impl.go line=380
