time="2020-11-22T10:08:24.311934+07:00" level=error msg="pq: operator does not exist: date ~~ unknown" file=/Users/pro/footcer-backend/repository/repo_impl/stadium_repo_impl.go line=524
time="2020-11-22T10:11:00.518736+07:00" level=error msg="pq: operator does not exist: date ~~ unknown" file=/Users/pro/footcer-backend/repository/repo_impl/stadium_repo_impl.go line=524
time="2020-11-22T10:19:15.484705+07:00" level=error msg="pq: column \"isuser\" of relation \"orders_status\" does not exist" file=/Users/pro/footcer-backend/repository/repo_impl/order_repo_impl.go line=47
time="2020-11-22T10:26:12.399865+07:00" level=error msg="pq: column \"isuser\" of relation \"orders_status\" does not exist" file=/Users/pro/footcer-backend/repository/repo_impl/order_repo_impl.go line=48
time="2020-11-22T10:29:36.455941+07:00" level=error msg="pq: column \"isuser\" does not exist" file=/Users/pro/footcer-backend/repository/repo_impl/order_repo_impl.go line=69
time="2020-11-22T10:31:22.127288+07:00" level=error msg="pq: column \"isuser\" does not exist" file=/Users/pro/footcer-backend/repository/repo_impl/order_repo_impl.go line=69
time="2020-11-22T10:39:38.590277+07:00" level=error msg="missing destination name order_status_id in *[]repo_impl.listOrders" file=/Users/pro/footcer-backend/repository/repo_impl/order_repo_impl.go line=167
time="2020-11-22T11:19:39.669215+07:00" level=error msg="pq: syntax error at or near \"INNER\"" file=/Users/pro/footcer-backend/repository/repo_impl/statistics_repo_impl.go line=35
time="2020-11-22T11:20:02.327452+07:00" level=error msg="pq: syntax error at or near \".\"" file=/Users/pro/footcer-backend/repository/repo_impl/statistics_repo_impl.go line=35
time="2020-11-22T11:20:15.478624+07:00" level=error msg="expected slice but got string" file=/Users/pro/footcer-backend/repository/repo_impl/statistics_repo_impl.go line=35
time="2020-11-22T11:20:44.186629+07:00" level=error msg="expected slice but got struct" file=/Users/pro/footcer-backend/repository/repo_impl/statistics_repo_impl.go line=35
time="2020-11-22T11:22:03.091189+07:00" level=error msg="expected slice but got string" file=/Users/pro/footcer-backend/repository/repo_impl/statistics_repo_impl.go line=35
time="2020-11-22T11:22:38.840461+07:00" level=error msg="expected slice but got interface" file=/Users/pro/footcer-backend/repository/repo_impl/statistics_repo_impl.go line=35
time="2020-11-22T11:22:58.105459+07:00" level=error msg="expected slice but got interface" file=/Users/pro/footcer-backend/repository/repo_impl/statistics_repo_impl.go line=36
time="2020-11-22T11:23:50.417292+07:00" level=error msg="expected slice but got int" file=/Users/pro/footcer-backend/repository/repo_impl/statistics_repo_impl.go line=51
time="2020-11-22T11:25:25.33164+07:00" level=error msg="expected slice but got struct" file=/Users/pro/footcer-backend/repository/repo_impl/statistics_repo_impl.go line=37
time="2020-11-22T11:25:51.367414+07:00" level=error msg="expected slice but got struct" file=/Users/pro/footcer-backend/repository/repo_impl/statistics_repo_impl.go line=35
time="2020-11-22T11:26:16.258586+07:00" level=error msg="expected slice but got struct" file=/Users/pro/footcer-backend/repository/repo_impl/statistics_repo_impl.go line=35
time="2020-11-22T11:27:32.281083+07:00" level=error msg="expected slice but got int" file=/Users/pro/footcer-backend/repository/repo_impl/statistics_repo_impl.go line=50
time="2020-11-22T11:28:04.767582+07:00" level=error msg="scannable dest type string with >1 columns (15) in result" file=/Users/pro/footcer-backend/repository/repo_impl/statistics_repo_impl.go line=35
time="2020-11-22T11:28:29.356714+07:00" level=error msg="expected slice but got int" file=/Users/pro/footcer-backend/repository/repo_impl/statistics_repo_impl.go line=50
time="2020-11-22T11:29:11.254048+07:00" level=error msg="expected slice but got int" file=/Users/pro/footcer-backend/repository/repo_impl/statistics_repo_impl.go line=50
time="2020-11-22T11:29:51.030993+07:00" level=error msg="expected slice but got struct" file=/Users/pro/footcer-backend/repository/repo_impl/statistics_repo_impl.go line=49
time="2020-11-22T11:30:21.48447+07:00" level=error msg="expected slice but got struct" file=/Users/pro/footcer-backend/repository/repo_impl/statistics_repo_impl.go line=49
time="2020-11-22T11:31:43.452183+07:00" level=error msg="expected slice but got struct" file=/Users/pro/footcer-backend/repository/repo_impl/statistics_repo_impl.go line=49
time="2020-11-22T11:34:31.779859+07:00" level=error msg="expected slice but got struct" file=/Users/pro/footcer-backend/repository/repo_impl/statistics_repo_impl.go line=49
time="2020-11-22T11:36:03.827269+07:00" level=error msg="sql: Scan error on column index 2, name \"total_price\": converting NULL to int is unsupported" file=/Users/pro/footcer-backend/repository/repo_impl/statistics_repo_impl.go line=65
time="2020-11-22T11:36:32.48578+07:00" level=error msg="sql: Scan error on column index 2, name \"total_price\": converting NULL to int is unsupported" file=/Users/pro/footcer-backend/repository/repo_impl/statistics_repo_impl.go line=65
time="2020-11-22T11:39:16.980211+07:00" level=error msg="pq: got 3 parameters but the statement requires 2" file=/Users/pro/footcer-backend/repository/repo_impl/statistics_repo_impl.go line=61
time="2020-11-22T11:43:26.110877+07:00" level=error msg="pq: got 3 parameters but the statement requires 1" file=/Users/pro/footcer-backend/repository/repo_impl/statistics_repo_impl.go line=59
time="2020-11-22T11:44:54.446415+07:00" level=error msg="pq: got 3 parameters but the statement requires 0" file=/Users/pro/footcer-backend/repository/repo_impl/statistics_repo_impl.go line=58
time="2020-11-22T11:53:05.567819+07:00" level=error msg="sql: Scan error on column index 2, name \"total_price\": converting NULL to int is unsupported" file=/Users/pro/footcer-backend/repository/repo_impl/statistics_repo_impl.go line=61
time="2020-11-22T11:53:13.388203+07:00" level=error msg="sql: Scan error on column index 2, name \"total_price\": converting NULL to int is unsupported" file=/Users/pro/footcer-backend/repository/repo_impl/statistics_repo_impl.go line=61
time="2020-11-22T12:07:46.442535+07:00" level=error msg="pq: invalid input syntax for type date: \"2020-11\"" file=/Users/pro/footcer-backend/repository/repo_impl/statistics_repo_impl.go line=61
