time="2020-10-24T10:40:08.787122+07:00" level=error msg="pq: duplicate key value violates unique constraint \"users_phone_key\"" file=/Users/pro/footcer-backend/repository/repo_impl/user_repo_impl.go line=150
time="2020-10-24T10:43:20.940099+07:00" level=error msg="pq: column review.created_at does not exist" file=/Users/pro/footcer-backend/repository/repo_impl/stadium_repo_impl.go line=91
time="2020-10-24T10:52:40.894561+07:00" level=error msg="pq: column \"start_time\" does not exist" file=/Users/pro/footcer-backend/repository/repo_impl/stadium_repo_impl.go line=294
time="2020-10-24T10:54:49.380015+07:00" level=error msg="pq: column stadium.start_time does not exist" file=/Users/pro/footcer-backend/repository/repo_impl/stadium_repo_impl.go line=130
time="2020-10-24T11:00:29.456025+07:00" level=error msg="could not find name time_peak in model.Stadium{StadiumId:\"\", StadiumName:\"Sân bóng ABC\", Address:\"123 Cao Thắng\", Description:\"\", Image:\"\", RateCount:0, Category:\"\", Latitude:0, Longitude:0, Ward:\"Phường 7\", District:\"Quận 3\", City:\"Hồ Chí Minh\", UserId:\"fd28618a-dfa9-11ea-9553-a45e60e63d73\", Verify:0, CreatedAt:time.Time{wall:0x0, ext:0, loc:(*time.Location)(nil)}, UpdatedAt:time.Time{wall:0xbfdd07975b2c19b8, ext:224072199726, loc:(*time.Location)(0x20090a0)}, Distance:0, Timer:0}" file=/Users/pro/footcer-backend/repository/repo_impl/stadium_repo_impl.go line=208
time="2020-10-24T11:27:22.326211+07:00" level=error msg="pq: insert or update on table \"stadium_collage\" violates foreign key constraint \"stadium_collage_stadium_id_fkey\"" file=/Users/pro/footcer-backend/repository/repo_impl/stadium_repo_impl.go line=266
time="2020-10-24T11:27:53.144269+07:00" level=error msg="pq: insert or update on table \"stadium_collage\" violates foreign key constraint \"stadium_collage_stadium_id_fkey\"" file=/Users/pro/footcer-backend/repository/repo_impl/stadium_repo_impl.go line=266
time="2020-10-24T11:29:35.582548+07:00" level=error msg="pq: insert or update on table \"stadium_collage\" violates foreign key constraint \"stadium_collage_stadium_id_fkey\"" file=/Users/pro/footcer-backend/repository/repo_impl/stadium_repo_impl.go line=266
time="2020-10-24T11:29:45.161769+07:00" level=error msg="pq: insert or update on table \"stadium_collage\" violates foreign key constraint \"stadium_collage_stadium_id_fkey\"" file=/Users/pro/footcer-backend/repository/repo_impl/stadium_repo_impl.go line=266
time="2020-10-24T11:30:21.803067+07:00" level=error msg="pq: insert or update on table \"stadium_collage\" violates foreign key constraint \"stadium_collage_stadium_id_fkey\"" file=/Users/pro/footcer-backend/repository/repo_impl/stadium_repo_impl.go line=266
time="2020-10-24T11:30:31.381044+07:00" level=error msg="pq: insert or update on table \"stadium_collage\" violates foreign key constraint \"stadium_collage_stadium_id_fkey\"" file=/Users/pro/footcer-backend/repository/repo_impl/stadium_repo_impl.go line=266
time="2020-10-24T11:30:44.495596+07:00" level=error msg="pq: insert or update on table \"stadium_collage\" violates foreign key constraint \"stadium_collage_stadium_id_fkey\"" file=/Users/pro/footcer-backend/repository/repo_impl/stadium_repo_impl.go line=266
time="2020-10-24T11:30:54.60123+07:00" level=error msg="pq: insert or update on table \"stadium_collage\" violates foreign key constraint \"stadium_collage_stadium_id_fkey\"" file=/Users/pro/footcer-backend/repository/repo_impl/stadium_repo_impl.go line=266
time="2020-10-24T11:31:16.794011+07:00" level=error msg="pq: insert or update on table \"stadium_collage\" violates foreign key constraint \"stadium_collage_stadium_id_fkey\"" file=/Users/pro/footcer-backend/repository/repo_impl/stadium_repo_impl.go line=266
time="2020-10-24T11:31:17.690024+07:00" level=error msg="pq: insert or update on table \"stadium_collage\" violates foreign key constraint \"stadium_collage_stadium_id_fkey\"" file=/Users/pro/footcer-backend/repository/repo_impl/stadium_repo_impl.go line=266
time="2020-10-24T11:36:37.581815+07:00" level=error msg="pq: insert or update on table \"stadium_collage\" violates foreign key constraint \"stadium_collage_stadium_id_fkey\"" file=/Users/pro/footcer-backend/repository/repo_impl/stadium_repo_impl.go line=266
time="2020-10-24T11:43:01.189628+07:00" level=error msg="pq: insert or update on table \"stadium_collage\" violates foreign key constraint \"stadium_collage_stadium_id_fkey\"" file=/Users/pro/footcer-backend/repository/repo_impl/stadium_repo_impl.go line=271
time="2020-10-24T11:43:31.414812+07:00" level=error msg="pq: insert or update on table \"stadium_collage\" violates foreign key constraint \"stadium_collage_stadium_id_fkey\"" file=/Users/pro/footcer-backend/repository/repo_impl/stadium_repo_impl.go line=272
time="2020-10-24T11:45:55.412827+07:00" level=error msg="pq: insert or update on table \"stadium_collage\" violates foreign key constraint \"stadium_collage_stadium_id_fkey\"" file=/Users/pro/footcer-backend/repository/repo_impl/stadium_repo_impl.go line=269
time="2020-10-24T11:46:30.001205+07:00" level=error msg="pq: column \"start_time\" does not exist" file=/Users/pro/footcer-backend/repository/repo_impl/stadium_repo_impl.go line=290
time="2020-10-24T12:41:55.120765+07:00" level=error msg="pq: syntax error at or near \"$1\"" file=/Users/pro/footcer-backend/repository/repo_impl/user_repo_impl.go line=186
time="2020-10-24T12:43:45.160528+07:00" level=error msg="pq: syntax error at or near \"$1\"" file=/Users/pro/footcer-backend/repository/repo_impl/user_repo_impl.go line=186
time="2020-10-24T12:51:52.854163+07:00" level=error msg="pq: syntax error at or near \"$1\"" file=/Users/pro/footcer-backend/repository/repo_impl/user_repo_impl.go line=186
time="2020-10-24T12:52:13.12625+07:00" level=error msg="pq: null value in column \"verify\" violates not-null constraint" file=/Users/pro/footcer-backend/repository/repo_impl/user_repo_impl.go line=186
time="2020-10-24T12:53:27.381196+07:00" level=error msg="pq: got 2 parameters but the statement requires 1" file=/Users/pro/footcer-backend/repository/repo_impl/stadium_repo_impl.go line=373
time="2020-10-24T13:00:29.096053+07:00" level=error msg="expected slice but got struct" file=/Users/pro/footcer-backend/repository/repo_impl/stadium_repo_impl.go line=409
time="2020-10-24T13:01:23.397769+07:00" level=error msg="missing destination name stadium_detail_id in *repo_impl.StadiumDetailsInfo" file=/Users/pro/footcer-backend/repository/repo_impl/stadium_repo_impl.go line=409
time="2020-10-24T13:02:43.725878+07:00" level=error msg="missing destination name stadium_detail_id in *repo_impl.StadiumDetailsInfo" file=/Users/pro/footcer-backend/repository/repo_impl/stadium_repo_impl.go line=409
time="2020-10-24T13:08:42.533289+07:00" level=error msg="pq: missing FROM-clause entry for table \"collage\"" file=/Users/pro/footcer-backend/repository/repo_impl/stadium_repo_impl.go line=411
time="2020-10-24T13:09:04.06166+07:00" level=error msg="missing destination name name_stadium_collage in *[]model.StadiumDetails" file=/Users/pro/footcer-backend/repository/repo_impl/stadium_repo_impl.go line=423
time="2020-10-24T13:09:56.452349+07:00" level=error msg="pq: missing FROM-clause entry for table \"collage\"" file=/Users/pro/footcer-backend/repository/repo_impl/stadium_repo_impl.go line=423
time="2020-10-24T13:25:54.268986+07:00" level=error msg="pq: syntax error at or near \"WHERE\"" file=/Users/pro/footcer-backend/repository/repo_impl/admin_repo_impl.go line=27
time="2020-10-24T13:26:22.987961+07:00" level=error msg="pq: syntax error at or near \"WHERE\"" file=/Users/pro/footcer-backend/repository/repo_impl/admin_repo_impl.go line=27
